Running in Lattice mode


Starting:    C:\ispLEVER_Classic2_0\synpbase\win64\mbin\synbatch.exe
Install:     C:\ispLEVER_Classic2_0\synpbase
Date:        Wed Sep 06 18:04:41 2017
Version:     I-2014.03LC 

Arguments:   -product synplify_pro  -batch c:/byggern\address_decoder.prj
ProductType: synplify_pro





log file: "C:\byggern\address_decoder.srr"

Running address_decoder|byggern

Running: Compile on address_decoder|byggern

Running: Compile Process on address_decoder|byggern

Running: Compile Input on address_decoder|byggern
Copied C:\byggern\synwork\address_decoder_comp.srs to C:\byggern\address_decoder.srs
compiler Completed
Return Code: 0
Run Time:0h:00m:02s

Running: Multi-srs Generator on address_decoder|byggern
Copied C:\byggern\synwork\address_decoder_comp.srs to C:\byggern\synwork\address_decoder_s.srs
multi_srs_gen Completed
Return Code: 0
Run Time:0h:00m:00s
Copied C:\byggern\synwork\address_decoder_mult.srs to C:\byggern\address_decoder.srs
Copied C:\byggern\address_decoder.srr to C:\byggern\address_decoder.srf
Complete: Compile Process on address_decoder|byggern
Complete: Compile on address_decoder|byggern

Running: Map on address_decoder|byggern

Running: Map & Optimize on address_decoder|byggern
fpga_mapper Completed
Return Code: 0
Run Time:0h:00m:01s
Complete: Map on address_decoder|byggern
Copied C:\byggern\address_decoder.srr to C:\byggern\address_decoder.srf
Complete: Logic Synthesis on address_decoder|byggern

exit status=0

exit status=0

